2025/08/20 17:02:04 sender exited
2025/08/20 17:02:04 receiver exited
2025/08/20 17:02:32 cleanup: stopping goroutines...
2025/08/20 17:02:32 ui refresh exited
2025/08/20 17:02:32 prune exited
2025/08/20 17:02:32 sender exited
2025/08/20 17:02:32 receiver exited
2025/08/20 17:02:32 cleanup: all goroutines stopped
2025/08/20 17:02:37 recv listen error: listen udp4 :47111: bind: Only one usage of each socket address (protocol/network address/port) is normally permitted.
2025/08/20 17:02:37 receiver exited
2025/08/20 17:02:38 cleanup: stopping goroutines...
2025/08/20 17:02:38 ui refresh exited
2025/08/20 17:02:38 prune exited
2025/08/20 17:02:38 receiver exited
2025/08/20 17:02:38 sender exited
2025/08/20 17:02:38 cleanup: all goroutines stopped
2025/08/20 17:02:46 sender exited
2025/08/20 17:02:56 cleanup: stopping goroutines...
2025/08/20 17:02:56 ui refresh exited
2025/08/20 17:02:56 prune exited
2025/08/20 17:02:56 receiver exited
2025/08/20 17:02:56 sender exited
2025/08/20 17:02:56 cleanup: all goroutines stopped
2025/08/20 17:03:04 recv listen error: listen udp4 :47111: bind: Only one usage of each socket address (protocol/network address/port) is normally permitted.
2025/08/20 17:03:04 receiver exited
2025/08/20 17:03:08 sender exited
2025/08/20 17:03:08 recv listen error: listen udp4 :47111: bind: Only one usage of each socket address (protocol/network address/port) is normally permitted.
2025/08/20 17:03:08 receiver exited
2025/08/20 17:03:24 sender exited
2025/08/20 17:03:25 receiver exited
2025/08/20 17:03:25 sender exited
2025/08/20 17:03:29 receiver exited
2025/08/20 17:03:29 sender exited
2025/08/20 17:04:14 cleanup: stopping goroutines...
2025/08/20 17:04:14 ui refresh exited
2025/08/20 17:04:14 prune exited
2025/08/20 17:04:14 sender exited
2025/08/20 17:04:14 receiver exited
2025/08/20 17:04:14 cleanup: all goroutines stopped
2025/08/20 17:04:16 cleanup: stopping goroutines...
2025/08/20 17:04:16 ui refresh exited
2025/08/20 17:04:16 prune exited
2025/08/20 17:04:16 receiver exited
2025/08/20 17:04:16 sender exited
2025/08/20 17:04:16 cleanup: all goroutines stopped
